ABC command line: "source counter8_qEC_source.ys".

Entered genlib library with 8 gates from file "qSyn/qABC/src/qEC/qEC_Lib/SFQ.genlib".
Nodes Created 
Cycles Found 
There are 14 cycles
Cycle 0 has 7 elements - 
Cycle 1 has 7 elements - 
Cycle 2 has 7 elements - 
Cycle 3 has 7 elements - 
Cycle 4 has 7 elements - 
Cycle 5 has 7 elements - 
Cycle 6 has 7 elements - 
Cycle 7 has 7 elements - 
Cycle 8 has 7 elements - 
Cycle 9 has 7 elements - 
Cycle 10 has 7 elements - 
Cycle 11 has 7 elements - 
Cycle 12 has 7 elements - 
Cycle 13 has 7 elements - 
Cycles Checked 
---69---70---71---72---73---74---75---76---77---78---
The loops are equal in length
Circuit is path balanced
---69---
---70---
---71---
---72---
---73---
---74---
---75---
---76---
---77---
---78---
Warning: 8 registers in this network have don't-care init values.
The don't-care are assumed to be 0. The result may not verify.
Use command "print_latch" to see the init values of registers.
Use command "zero" to convert or "init" to change the values.
Networks are equivalent.  Time =     0.03 sec
