ABC command line: "source counter8_abc_source.ys".

Entered genlib library with 7 gates from file "/home/elijah/Documents/qPALACE/qLib/1.5.1/SFQ.genlib".
Technology mapping finished successfully!
[Called: AdjustFanouts]
Adjustment of fanout count finished successfully!
[Called: SPORT_adjustFanoutsPI_Command]
Adjustment of fanout counts for primary inputs finished successfully!
0 DFFs are added to adjust fanout count of PIs.
[Called: CorrectLevels_Command] 
[Called: Setup Latches] 
[Called: init_in_loop_field] 
Number of initial latches: 10
[Called: SPORT_NtkWireNFBLs] 
NetworkCheck: CI with ID 94 is in the network but not in the name table.
Abc_NtkCleanup: The network check has failed.
Cleanup removed 1 dangling nodes.
Number of latches now: 10
[Called: Correct_Levels_fast] 
[Called: Topological_Sort] 
Done: Topological sort. 
Correcting levels of Nodes (not PI/PO/BI/BO/Latches in topological order
CL Done-Partially: corrected levels of Nodes
Done CL-fast 
The maximum level among feedback latches is : 7
Every 7 fast clock cycle, a new set of inputs should be applied to the circuit.
Done: CL!
###Number of latches in the given circuit is : 1
[Called: BalanceFLatch]
Max level of feedback lacthes: 7
Balancing feedback latches with respect to each other ... 


[Done: BalanceFLatch] 
[Called: addLatchRetime] 
[Called: SPORT_NtkPathBalance]

Maximum level: 7
[Called: repLatches]
Latch-count: 66
NDRO-count:  0
[Called: SPORT_NtkReplaceLwDFF] 
Replacing latches with SFQ DRO DFFs finished successfully!
Max fanout count is : 4
[Called: SPORT_InsertSplitters_Command]
[Called: SPORT_Command_addSplitters_to_Ntk]
Warning! : There is an input pin (clk) which is not connected to anywhere!
There are no objects with out-degrees of more than 2!
Inserting gate splitters finished successfully!
*************************************************************
Gate Count : 57
Total NDRO DFF Count  : 0
Total DRO DFF Count  : 66
Splitter Count (without clock) : 0
Splitter Count (with clock) : 122
Total( Gates + DFFs + Splitters) : 245
Total Area (Gates) : 319200.00 um^2
Total Area (Gates + DFFs) : 688800.00 um^2
Total Area (Gates + DFFs + Splitters) : 1115800.00 um^2
Total JJs : 1984
Worst Stage Delay : 29.80 ps
Latency : 208.60 ps
Static power in ERSFQ technology: 6.37 uW
Static power in RSFQ technology: 199.18 uW
*************************************************************
[Called: qWire_BLIF_Command]
