ABC command line: "source KSA2_abc_source.ys".

Entered genlib library with 7 gates from file "/home/elijah/Documents/qPALACE/qLib/1.5.1/SFQ.genlib".
Warning: The network was strashed and balanced before mapping.
[Called: AdjustFanouts]
Adjustment of fanout count finished successfully!
[Called: SPORT_adjustFanoutsPI_Command]
Adjustment of fanout counts for primary inputs finished successfully!
0 DFFs are added to adjust fanout count of PIs.
[Called: CorrectLevels_Command] 
[Called: Setup Latches] 
[Called: init_in_loop_field] 
no cycle (FBL) was found in the netlist, no change needed
Number of initial latches: 0
[Called: SPORT_NtkWireNFBLs] 
Cleanup removed 0 dangling nodes.
Number of latches now: 0
[Called: Correct_Levels_fast] 
[Called: Topological_Sort] 
Done: Topological sort. 
Correcting levels of Nodes (not PI/PO/BI/BO/Latches in topological order
CL Done-Partially: corrected levels of Nodes
Done CL-fast 
Done: CL!
[Called: BalanceFLatch]
No feedback latches were found in this network. 
Done with balancing feedback latches
[Called: addLatchRetime] 
[Called: SPORT_NtkPathBalance]

Maximum level: 4
[Called: repLatches]
Latch-count: 9
NDRO-count:  0
[Called: SPORT_NtkReplaceLwDFF] 
Replacing latches with SFQ DRO DFFs finished successfully!
Max fanout count is : 3
[Called: SPORT_InsertSplitters_Command]
[Called: SPORT_Command_addSplitters_to_Ntk]
Inserting gate splitters finished successfully!
*************************************************************
Gate Count : 12
Total NDRO DFF Count  : 0
Total DRO DFF Count  : 9
Splitter Count (without clock) : 0
Splitter Count (with clock) : 20
Total( Gates + DFFs + Splitters) : 41
Total Area (Gates) : 67200.00 um^2
Total Area (Gates + DFFs) : 117600.00 um^2
Total Area (Gates + DFFs + Splitters) : 187600.00 um^2
Total JJs : 364
Worst Stage Delay : 23.30 ps
Latency : 93.20 ps
Static power in ERSFQ technology: 1.07 uW
Static power in RSFQ technology: 33.33 uW
*************************************************************
[Called: qWire_BLIF_Command]
